  final.cpp
C:\Users\User\source\repos\ffinal\ffinal  little_dinosaur_3D\Project1\final.cpp(38,26): warning C4838: 從 'double' 到 'GLfloat' 的轉換必須是縮小轉換
C:\Users\User\source\repos\ffinal\ffinal  little_dinosaur_3D\Project1\final.cpp(38,26): warning C4244: '正在初始化': 將 'double' 轉換為 'GLfloat'，由於類型不同，可能導致資料遺失
C:\Users\User\source\repos\ffinal\ffinal  little_dinosaur_3D\Project1\final.cpp(38,42): warning C4838: 從 'double' 到 'GLfloat' 的轉換必須是縮小轉換
C:\Users\User\source\repos\ffinal\ffinal  little_dinosaur_3D\Project1\final.cpp(38,42): warning C4244: '正在初始化': 將 'double' 轉換為 'GLfloat'，由於類型不同，可能導致資料遺失
C:\Users\User\source\repos\ffinal\ffinal  little_dinosaur_3D\Project1\final.cpp(41,48): warning C4305: '正在初始化': 從 'double' 轉換為 'GLfloat'，是由較大的類型轉換為較小的類型，可能導致資料遺失
C:\Users\User\source\repos\ffinal\ffinal  little_dinosaur_3D\Project1\final.cpp(152,37): warning C4244: '引數': 將 'double' 轉換為 'GLfloat'，由於類型不同，可能導致資料遺失
C:\Users\User\source\repos\ffinal\ffinal  little_dinosaur_3D\Project1\final.cpp(152,46): warning C4305: '引數': 從 'double' 轉換為 'GLfloat'，是由較大的類型轉換為較小的類型，可能導致資料遺失
C:\Users\User\source\repos\ffinal\ffinal  little_dinosaur_3D\Project1\final.cpp(165,25): warning C4305: '-=': 從 'double' 轉換為 'float'，是由較大的類型轉換為較小的類型，可能導致資料遺失
C:\Users\User\source\repos\ffinal\ffinal  little_dinosaur_3D\Project1\final.cpp(178,28): warning C4244: '=': 將 'double' 轉換為 'GLfloat'，由於類型不同，可能導致資料遺失
C:\Users\User\source\repos\ffinal\ffinal  little_dinosaur_3D\Project1\final.cpp(179,28): warning C4244: '=': 將 'double' 轉換為 'GLfloat'，由於類型不同，可能導致資料遺失
C:\Users\User\source\repos\ffinal\ffinal  little_dinosaur_3D\Project1\final.cpp(236,37): warning C4244: '引數': 將 'double' 轉換為 'GLfloat'，由於類型不同，可能導致資料遺失
C:\Users\User\source\repos\ffinal\ffinal  little_dinosaur_3D\Project1\final.cpp(265,34): warning C4305: '引數': 從 'double' 轉換為 'GLfloat'，是由較大的類型轉換為較小的類型，可能導致資料遺失
C:\Users\User\source\repos\ffinal\ffinal  little_dinosaur_3D\Project1\final.cpp(267,34): warning C4305: '引數': 從 'double' 轉換為 'GLfloat'，是由較大的類型轉換為較小的類型，可能導致資料遺失
C:\Users\User\source\repos\ffinal\ffinal  little_dinosaur_3D\Project1\final.cpp(269,35): warning C4305: '引數': 從 'double' 轉換為 'GLfloat'，是由較大的類型轉換為較小的類型，可能導致資料遺失
C:\Users\User\source\repos\ffinal\ffinal  little_dinosaur_3D\Project1\final.cpp(307,28): warning C4305: '引數': 從 'double' 轉換為 'GLfloat'，是由較大的類型轉換為較小的類型，可能導致資料遺失
C:\Users\User\source\repos\ffinal\ffinal  little_dinosaur_3D\Project1\final.cpp(519,30): warning C4305: '引數': 從 'double' 轉換為 'GLfloat'，是由較大的類型轉換為較小的類型，可能導致資料遺失
C:\Users\User\source\repos\ffinal\ffinal  little_dinosaur_3D\Project1\final.cpp(523,30): warning C4305: '引數': 從 'double' 轉換為 'GLfloat'，是由較大的類型轉換為較小的類型，可能導致資料遺失
C:\Users\User\source\repos\ffinal\ffinal  little_dinosaur_3D\Project1\final.cpp(529,30): warning C4305: '引數': 從 'double' 轉換為 'GLfloat'，是由較大的類型轉換為較小的類型，可能導致資料遺失
C:\Users\User\source\repos\ffinal\ffinal  little_dinosaur_3D\Project1\final.cpp(614,30): warning C4305: '引數': 從 'double' 轉換為 'GLfloat'，是由較大的類型轉換為較小的類型，可能導致資料遺失
C:\Users\User\source\repos\ffinal\ffinal  little_dinosaur_3D\Project1\final.cpp(650,30): warning C4305: '引數': 從 'double' 轉換為 'GLfloat'，是由較大的類型轉換為較小的類型，可能導致資料遺失
C:\Users\User\source\repos\ffinal\ffinal  little_dinosaur_3D\Project1\final.cpp(654,30): warning C4305: '引數': 從 'double' 轉換為 'GLfloat'，是由較大的類型轉換為較小的類型，可能導致資料遺失
C:\Users\User\source\repos\ffinal\ffinal  little_dinosaur_3D\Project1\final.cpp(657,30): warning C4305: '引數': 從 'double' 轉換為 'GLfloat'，是由較大的類型轉換為較小的類型，可能導致資料遺失
C:\Users\User\source\repos\ffinal\ffinal  little_dinosaur_3D\Project1\final.cpp(675,31): warning C4305: '引數': 從 'double' 轉換為 'GLfloat'，是由較大的類型轉換為較小的類型，可能導致資料遺失
C:\Users\User\source\repos\ffinal\ffinal  little_dinosaur_3D\Project1\final.cpp(710,31): warning C4305: '引數': 從 'double' 轉換為 'GLfloat'，是由較大的類型轉換為較小的類型，可能導致資料遺失
C:\Users\User\source\repos\ffinal\ffinal  little_dinosaur_3D\Project1\final.cpp(715,31): warning C4305: '引數': 從 'double' 轉換為 'GLfloat'，是由較大的類型轉換為較小的類型，可能導致資料遺失
C:\Users\User\source\repos\ffinal\ffinal  little_dinosaur_3D\Project1\final.cpp(716,31): warning C4305: '引數': 從 'double' 轉換為 'GLfloat'，是由較大的類型轉換為較小的類型，可能導致資料遺失
C:\Users\User\source\repos\ffinal\ffinal  little_dinosaur_3D\Project1\final.cpp(743,20): warning C4305: '引數': 從 'double' 轉換為 'GLfloat'，是由較大的類型轉換為較小的類型，可能導致資料遺失
C:\Users\User\source\repos\ffinal\ffinal  little_dinosaur_3D\Project1\final.cpp(744,42): warning C4305: '+=': 從 'double' 轉換為 'float'，是由較大的類型轉換為較小的類型，可能導致資料遺失
C:\Users\User\source\repos\ffinal\ffinal  little_dinosaur_3D\Project1\final.cpp(745,52): warning C4244: '引數': 將 'double' 轉換為 'GLfloat'，由於類型不同，可能導致資料遺失
C:\Users\User\source\repos\ffinal\ffinal  little_dinosaur_3D\Project1\final.cpp(745,29): warning C4244: '引數': 將 'double' 轉換為 'GLfloat'，由於類型不同，可能導致資料遺失
C:\Users\User\source\repos\ffinal\ffinal  little_dinosaur_3D\Project1\final.cpp(746,53): warning C4244: '引數': 將 'double' 轉換為 'GLfloat'，由於類型不同，可能導致資料遺失
C:\Users\User\source\repos\ffinal\ffinal  little_dinosaur_3D\Project1\final.cpp(746,29): warning C4244: '引數': 將 'double' 轉換為 'GLfloat'，由於類型不同，可能導致資料遺失
C:\Users\User\source\repos\ffinal\ffinal  little_dinosaur_3D\Project1\final.cpp(753,20): warning C4305: '引數': 從 'double' 轉換為 'GLfloat'，是由較大的類型轉換為較小的類型，可能導致資料遺失
C:\Users\User\source\repos\ffinal\ffinal  little_dinosaur_3D\Project1\final.cpp(754,42): warning C4305: '+=': 從 'double' 轉換為 'float'，是由較大的類型轉換為較小的類型，可能導致資料遺失
C:\Users\User\source\repos\ffinal\ffinal  little_dinosaur_3D\Project1\final.cpp(755,53): warning C4244: '引數': 將 'double' 轉換為 'GLfloat'，由於類型不同，可能導致資料遺失
C:\Users\User\source\repos\ffinal\ffinal  little_dinosaur_3D\Project1\final.cpp(755,30): warning C4244: '引數': 將 'double' 轉換為 'GLfloat'，由於類型不同，可能導致資料遺失
C:\Users\User\source\repos\ffinal\ffinal  little_dinosaur_3D\Project1\final.cpp(756,53): warning C4244: '引數': 將 'double' 轉換為 'GLfloat'，由於類型不同，可能導致資料遺失
C:\Users\User\source\repos\ffinal\ffinal  little_dinosaur_3D\Project1\final.cpp(756,30): warning C4244: '引數': 將 'double' 轉換為 'GLfloat'，由於類型不同，可能導致資料遺失
C:\Users\User\source\repos\ffinal\ffinal  little_dinosaur_3D\Project1\final.cpp(792,33): warning C4305: '引數': 從 'double' 轉換為 'GLfloat'，是由較大的類型轉換為較小的類型，可能導致資料遺失
C:\Users\User\source\repos\ffinal\ffinal  little_dinosaur_3D\Project1\final.cpp(794,31): warning C4305: '引數': 從 'double' 轉換為 'GLfloat'，是由較大的類型轉換為較小的類型，可能導致資料遺失
C:\Users\User\source\repos\ffinal\ffinal  little_dinosaur_3D\Project1\final.cpp(804,33): warning C4305: '引數': 從 'double' 轉換為 'GLfloat'，是由較大的類型轉換為較小的類型，可能導致資料遺失
C:\Users\User\source\repos\ffinal\ffinal  little_dinosaur_3D\Project1\final.cpp(806,31): warning C4305: '引數': 從 'double' 轉換為 'GLfloat'，是由較大的類型轉換為較小的類型，可能導致資料遺失
C:\Users\User\source\repos\ffinal\ffinal  little_dinosaur_3D\Project1\final.cpp(821,31): warning C4305: '引數': 從 'double' 轉換為 'GLfloat'，是由較大的類型轉換為較小的類型，可能導致資料遺失
C:\Users\User\source\repos\ffinal\ffinal  little_dinosaur_3D\Project1\final.cpp(823,33): warning C4305: '引數': 從 'double' 轉換為 'GLfloat'，是由較大的類型轉換為較小的類型，可能導致資料遺失
C:\Users\User\source\repos\ffinal\ffinal  little_dinosaur_3D\Project1\final.cpp(829,33): warning C4305: '引數': 從 'double' 轉換為 'GLfloat'，是由較大的類型轉換為較小的類型，可能導致資料遺失
C:\Users\User\source\repos\ffinal\ffinal  little_dinosaur_3D\Project1\final.cpp(831,31): warning C4305: '引數': 從 'double' 轉換為 'GLfloat'，是由較大的類型轉換為較小的類型，可能導致資料遺失
C:\Users\User\source\repos\ffinal\ffinal  little_dinosaur_3D\Project1\final.cpp(845,31): warning C4305: '引數': 從 'double' 轉換為 'GLfloat'，是由較大的類型轉換為較小的類型，可能導致資料遺失
C:\Users\User\source\repos\ffinal\ffinal  little_dinosaur_3D\Project1\final.cpp(847,33): warning C4305: '引數': 從 'double' 轉換為 'GLfloat'，是由較大的類型轉換為較小的類型，可能導致資料遺失
C:\Users\User\source\repos\ffinal\ffinal  little_dinosaur_3D\Project1\final.cpp(858,32): warning C4305: '引數': 從 'double' 轉換為 'GLfloat'，是由較大的類型轉換為較小的類型，可能導致資料遺失
C:\Users\User\source\repos\ffinal\ffinal  little_dinosaur_3D\Project1\final.cpp(861,27): warning C4244: '引數': 將 'double' 轉換為 'GLfloat'，由於類型不同，可能導致資料遺失
C:\Users\User\source\repos\ffinal\ffinal  little_dinosaur_3D\Project1\final.cpp(940,22): warning C4244: '+=': 將 'double' 轉換為 'float'，由於類型不同，可能導致資料遺失
C:\Users\User\source\repos\ffinal\ffinal  little_dinosaur_3D\Project1\final.cpp(953,47): warning C4244: '+=': 將 'double' 轉換為 'GLfloat'，由於類型不同，可能導致資料遺失
C:\Users\User\source\repos\ffinal\ffinal  little_dinosaur_3D\Project1\final.cpp(962,20): warning C4305: '+=': 從 'double' 轉換為 'GLfloat'，是由較大的類型轉換為較小的類型，可能導致資料遺失
C:\Users\User\source\repos\ffinal\ffinal  little_dinosaur_3D\Project1\final.cpp(963,43): warning C4244: '=': 將 'double' 轉換為 'GLfloat'，由於類型不同，可能導致資料遺失
C:\Users\User\source\repos\ffinal\ffinal  little_dinosaur_3D\Project1\final.cpp(970,15): warning C4244: '正在初始化': 將 'double' 轉換為 'int'，由於類型不同，可能導致資料遺失
C:\Users\User\source\repos\ffinal\ffinal  little_dinosaur_3D\Project1\final.cpp(1075,25): warning C4305: '+=': 從 'double' 轉換為 'GLfloat'，是由較大的類型轉換為較小的類型，可能導致資料遺失
C:\Users\User\source\repos\ffinal\ffinal  little_dinosaur_3D\Project1\final.cpp(1079,23): warning C4305: '+=': 從 'double' 轉換為 'GLfloat'，是由較大的類型轉換為較小的類型，可能導致資料遺失
  Project1.vcxproj -> C:\Users\User\source\repos\ffinal\ffinal  little_dinosaur_3D\Debug\Project1.exe
